<?xml version="1.0" encoding="UTF-8"?>
<!-- Generated by org.testng.reporters.JUnitXMLReporter -->
<testsuite ignored="0" hostname="SyedAdnan-07" failures="0" tests="14" name="RegressionTest" time="167.566" errors="0" timestamp="2022-11-21T15:24:44 IST">
  <testcase classname="POM_Testcases.DWS_TricentisTest" name="tricentis" time="1.074"/>
  <testcase classname="POM_Testcases.DWS_RadioTest" name="Radio" time="5.198"/>
  <testcase classname="POM_Testcases.DWS_BookTest" name="Book_click" time="1.374"/>
  <testcase classname="POM_Testcases.DWS_ApprealTest" name="Appreal" time="1.59"/>
  <testcase classname="POM_Testcases.DWS_Register_Test" name="Register" time="3.963"/>
  <testcase classname="POM_Testcases.DWS_JewelryTest" name="jewelry" time="1.361"/>
  <testcase classname="POM_Testcases.DWS_Advance_search" name="AdvanceSerach" time="3.24"/>
  <testcase classname="POM_Testcases.DWS_GiftTest" name="gift" time="1.762"/>
  <testcase classname="POM_Testcases.DWS_ComputerTest" name="Computer" time="1.621"/>
  <testcase classname="POM_Testcases.DWS_SubscribeTest" name="Subscribe" time="5.224"/>
  <testcase classname="POM_Testcases.DWS_Login_Test" name="Login" time="0.758"/>
  <testcase classname="POM_Testcases.DWS_Search_Test" name="search" time="0.974"/>
  <testcase classname="POM_Testcases.DWS_DigitalTest" name="Digital" time="1.529"/>
  <testcase classname="POM_Testcases.DWS_Wishlist_Test" name="DWS_Wishlist_Test" time="3.874"/>
</testsuite> <!-- RegressionTest -->
