<?xml version="1.0" encoding="UTF-8"?>
<!-- Generated by org.testng.reporters.JUnitXMLReporter -->
<testsuite ignored="0" hostname="SyedAdnan-07" failures="0" tests="13" name="Test" time="104.266" errors="0" timestamp="2022-11-21T15:19:13 IST">
  <testcase classname="POM_Testcases.DWS_TricentisTest" name="tricentis" time="1.428"/>
  <testcase classname="POM_Testcases.DWS_RadioTest" name="Radio" time="5.235"/>
  <testcase classname="POM_Testcases.DWS_BookTest" name="Book_click" time="1.422"/>
  <testcase classname="POM_Testcases.DWS_ApprealTest" name="Appreal" time="2.64"/>
  <testcase classname="POM_Testcases.DWS_Register_Test" name="Register" time="4.002"/>
  <testcase classname="POM_Testcases.DWS_JewelryTest" name="jewelry" time="2.302"/>
  <testcase classname="POM_Testcases.DWS_Advance_search" name="AdvanceSerach" time="2.777"/>
  <testcase classname="POM_Testcases.DWS_GiftTest" name="gift" time="1.812"/>
  <testcase classname="POM_Testcases.DWS_ComputerTest" name="Computer" time="1.384"/>
  <testcase classname="POM_Testcases.DWS_SubscribeTest" name="Subscribe" time="5.456"/>
  <testcase classname="POM_Testcases.DWS_Login_Test" name="Login" time="1.016"/>
  <testcase classname="POM_Testcases.DWS_Search_Test" name="search" time="1.014"/>
  <testcase classname="POM_Testcases.DWS_DigitalTest" name="Digital" time="2.638"/>
</testsuite> <!-- Test -->
